<?xml version="1.0" encoding="UTF-8"?>
<!-- Generated by org.testng.reporters.JUnitReportReporter -->
<testsuite hostname="CITKalpesh" failures="0" tests="1" name="qa.deepmarketplace.test.HomePageTest" time="15.572" errors="0" timestamp="2024-04-16T17:39:18 IST" skipped="0">
  <testcase classname="qa.deepmarketplace.test.HomePageTest" name="signUpTest" time="15.572"/>
</testsuite> <!-- qa.deepmarketplace.test.HomePageTest -->
