<?xml version="1.0" encoding="UTF-8"?>
<!-- Generated by org.testng.reporters.JUnitReportReporter -->
<testsuite hostname="CITKalpesh" failures="0" tests="1" name="qa.deepmarketplace.test.LoginPageTest" time="12.583" errors="0" timestamp="2024-03-22T14:27:25 IST" skipped="0">
  <testcase classname="qa.deepmarketplace.test.LoginPageTest" name="homepageTitleTest" time="12.583"/>
</testsuite> <!-- qa.deepmarketplace.test.LoginPageTest -->
