<?xml version="1.0" encoding="UTF-8"?>
<!-- Generated by org.testng.reporters.JUnitReportReporter -->
<testsuite hostname="CITKalpesh" failures="0" tests="1" name="qa.deepmarketplace.test.HomePageTest" time="14.582" errors="0" timestamp="2024-04-17T19:43:33 IST" skipped="0">
  <testcase classname="qa.deepmarketplace.test.HomePageTest" name="selectStoreTest" time="14.582"/>
</testsuite> <!-- qa.deepmarketplace.test.HomePageTest -->
