<?xml version="1.0" encoding="UTF-8"?>
<!-- Generated by org.testng.reporters.JUnitReportReporter -->
<testsuite hostname="CITKalpesh" failures="0" tests="1" name="qa.deepmarketplace.test.HomePageTest" time="17.306" errors="0" timestamp="2024-06-11T17:51:19 IST" skipped="0">
  <testcase classname="qa.deepmarketplace.test.HomePageTest" name="searchStoreByNameTest" time="17.306"/>
</testsuite> <!-- qa.deepmarketplace.test.HomePageTest -->
