<?xml version="1.0" encoding="UTF-8"?>
<!-- Generated by org.testng.reporters.JUnitReportReporter -->
<testsuite hostname="LAPTOP-OHDRA29K" failures="0" tests="1" name="qa.deepmarketplace.test.HomePageTest" time="18.612" errors="0" timestamp="2024-06-16T12:14:25 IST" skipped="0">
  <testcase classname="qa.deepmarketplace.test.HomePageTest" name="searchStoreByNameTest" time="18.612"/>
</testsuite> <!-- qa.deepmarketplace.test.HomePageTest -->
